#
# A fatal error has been detected by the Java Runtime Environment:
#
#  EXCEPTION_ACCESS_VIOLATION (0xc0000005) at pc=0x00000000557883a5, pid=156, tid=2920
#
# JRE version: Java(TM) SE Runtime Environment (8.0_60-b08) (build 1.8.0_60-ea-b08)
# Java VM: Java HotSpot(TM) 64-Bit Server VM (25.60-b08 mixed mode windows-amd64 compressed oops)
# Problematic frame:
# V  [jvm.dll+0x1283a5]
#
# Failed to write core dump. Minidumps are not enabled by default on client versions of Windows
#
# If you would like to submit a bug report, please visit:
#   http://bugreport.java.com/bugreport/crash.jsp
#

---------------  T H R E A D  ---------------

Current thread (0x0000000014a60800):  JavaThread "JDWP Transport Listener: dt_socket" daemon [_thread_in_vm, id=2920, stack(0x0000000016280000,0x0000000016380000)]

siginfo: ExceptionCode=0xc0000005, reading address 0xffffffffffffffff

Registers:
RAX=0x000000001637f201, RBX=0x0000000014a60800, RCX=0x3b79726f74636146, RDX=0x0000000000000000
RSP=0x000000001637f1f0, RBP=0x3b79726f74636146, RSI=0x000000001637f308, RDI=0x0000000000828100
R8 =0x0000000014a60800, R9 =0x0000000000008000, R10=0x0000000000000000, R11=0x00000000191202e9
R12=0x0000000000000000, R13=0x0000000014a52748, R14=0x0000000000000000, R15=0x0000000000000000
RIP=0x00000000557883a5, EFLAGS=0x0000000000010202

Top of Stack: (sp=0x000000001637f1f0)
0x000000001637f1f0:   0000000014a60800 0000000014a60800
0x000000001637f200:   000000001637f2b8 000000005598cfcb
0x000000001637f210:   0000000014a60800 00000000559a982d
0x000000001637f220:   0000000000000000 00000000551b9155
0x000000001637f230:   0000000018d6bc28 00000000551c291e
0x000000001637f240:   0000000014a60800 0000000000000000
0x000000001637f250:   0000000000000000 0000000000000000
0x000000001637f260:   3b79726f74636146 00000000551c1a15
0x000000001637f270:   000000001637f308 000000001637f2e0
0x000000001637f280:   0000000000000001 0000000018d6bc28
0x000000001637f290:   3b79726f74636146 00000000551a53b3
0x000000001637f2a0:   000000001637f3d0 0000000000000001
0x000000001637f2b0:   0000000000000001 0000000018d6bc28
0x000000001637f2c0:   00000000f000100a 0000000000000000
0x000000001637f2d0:   0000000000000000 0000000000000000
0x000000001637f2e0:   0000000000000001 00000000551a5571 

Instructions: (pc=0x00000000557883a5)
0x0000000055788385:   cc cc cc cc cc cc cc cc cc cc cc 48 83 ec 28 48
0x0000000055788395:   85 c9 75 07 33 c0 48 83 c4 28 c3 48 89 5c 24 20
0x00000000557883a5:   48 8b 19 48 85 db 74 20 48 83 fb 37 74 1a 48 8b
0x00000000557883b5:   13 48 8b cb ff 52 10 84 c0 74 0d 48 8b c3 48 8b 


Register to memory mapping:

RAX=0x000000001637f201 is pointing into the stack for thread: 0x0000000014a60800
RBX=0x0000000014a60800 is a thread
RCX=0x3b79726f74636146 is an unknown value
RDX=0x0000000000000000 is an unknown value
RSP=0x000000001637f1f0 is pointing into the stack for thread: 0x0000000014a60800
RBP=0x3b79726f74636146 is an unknown value
RSI=0x000000001637f308 is pointing into the stack for thread: 0x0000000014a60800
RDI=0x0000000000828100 is an unknown value
R8 =0x0000000014a60800 is a thread
R9 =0x0000000000008000 is an unknown value
R10=0x0000000000000000 is an unknown value
R11=0x00000000191202e9 is an unknown value
R12=0x0000000000000000 is an unknown value
R13=0x0000000014a52748 is an unknown value
R14=0x0000000000000000 is an unknown value
R15=0x0000000000000000 is an unknown value


Stack: [0x0000000016280000,0x0000000016380000],  sp=0x000000001637f1f0,  free space=1020k
Native frames: (J=compiled Java code, j=interpreted, Vv=VM code, C=native code)
V  [jvm.dll+0x1283a5]
V  [jvm.dll+0x34982d]
C  [jdwp.dll+0x21a15]
C  [jdwp.dll+0x53b3]
C  [jdwp.dll+0x5571]
C  [jdwp.dll+0xf0a8]
C  [jdwp.dll+0x1f2d5]
C  [jdwp.dll+0x1f4aa]
V  [jvm.dll+0x1bb468]
V  [jvm.dll+0x241ec4]
V  [jvm.dll+0x298bfa]
C  [msvcr100.dll+0x21d9f]
C  [msvcr100.dll+0x21e3b]
C  [KERNEL32.DLL+0x13d2]
C  [ntdll.dll+0x6e954]


---------------  P R O C E S S  ---------------

Java Threads: ( => current thread )
  0x0000000018b36000 JavaThread "Disposer" daemon [_thread_blocked, id=2260, stack(0x00000000199b0000,0x0000000019ab0000)]
  0x0000000018b1d800 JavaThread "Thread-3" daemon [_thread_in_native, id=2520, stack(0x00000000192b0000,0x00000000193b0000)]
  0x0000000016c06000 JavaThread "Thread-1" daemon [_thread_blocked, id=576, stack(0x0000000017120000,0x0000000017220000)]
  0x00000000168bf000 JavaThread "Service Thread" daemon [_thread_blocked, id=1488, stack(0x0000000016c80000,0x0000000016d80000)]
  0x0000000014a7d800 JavaThread "C1 CompilerThread2" daemon [_thread_blocked, id=4308, stack(0x0000000016780000,0x0000000016880000)]
  0x0000000014a7a800 JavaThread "C2 CompilerThread1" daemon [_thread_blocked, id=5984, stack(0x0000000016680000,0x0000000016780000)]
  0x0000000014a75800 JavaThread "C2 CompilerThread0" daemon [_thread_blocked, id=196, stack(0x0000000016580000,0x0000000016680000)]
  0x0000000014a69800 JavaThread "JDWP Command Reader" daemon [_thread_in_native, id=3060, stack(0x0000000016480000,0x0000000016580000)]
  0x0000000014a66000 JavaThread "JDWP Event Helper Thread" daemon [_thread_blocked, id=4296, stack(0x0000000016380000,0x0000000016480000)]
=>0x0000000014a60800 JavaThread "JDWP Transport Listener: dt_socket" daemon [_thread_in_vm, id=2920, stack(0x0000000016280000,0x0000000016380000)]
  0x0000000014a57000 JavaThread "Attach Listener" daemon [_thread_blocked, id=2896, stack(0x0000000015ea0000,0x0000000015fa0000)]
  0x0000000014a56000 JavaThread "Signal Dispatcher" daemon [_thread_blocked, id=6088, stack(0x0000000015da0000,0x0000000015ea0000)]
  0x0000000002428800 JavaThread "Finalizer" daemon [_thread_blocked, id=5032, stack(0x0000000015ca0000,0x0000000015da0000)]
  0x000000000241f800 JavaThread "Reference Handler" daemon [_thread_blocked, id=868, stack(0x0000000015ba0000,0x0000000015ca0000)]
  0x000000000082d800 JavaThread "main" [_thread_blocked, id=1816, stack(0x0000000002180000,0x0000000002280000)]

Other Threads:
  0x0000000014a16000 VMThread [stack: 0x0000000015aa0000,0x0000000015ba0000] [id=4652]
  0x00000000168c1800 WatcherThread [stack: 0x0000000016d80000,0x0000000016e80000] [id=1100]

VM state:not at safepoint (normal execution)

VM Mutex/Monitor currently owned by a thread: None

Heap:
 PSYoungGen      total 135168K, used 31542K [0x00000000eb100000, 0x00000000f3900000, 0x0000000100000000)
  eden space 131072K, 23% used [0x00000000eb100000,0x00000000ecf71e08,0x00000000f3100000)
  from space 4096K, 8% used [0x00000000f3500000,0x00000000f355ba90,0x00000000f3900000)
  to   space 4096K, 0% used [0x00000000f3100000,0x00000000f3100000,0x00000000f3500000)
 ParOldGen       total 44032K, used 3442K [0x00000000c1200000, 0x00000000c3d00000, 0x00000000eb100000)
  object space 44032K, 7% used [0x00000000c1200000,0x00000000c155c9d0,0x00000000c3d00000)
 Metaspace       used 13428K, capacity 13924K, committed 14080K, reserved 1060864K
  class space    used 1886K, capacity 2025K, committed 2048K, reserved 1048576K

Card table byte_map: [0x00000000117f0000,0x00000000119f0000] byte_map_base: 0x00000000111e7000

Marking Bits: (ParMarkBitMap*) 0x0000000055e67240
 Begin Bits: [0x0000000011f40000, 0x0000000012ef8000)
 End Bits:   [0x0000000012ef8000, 0x0000000013eb0000)

Polling page: 0x0000000000810000

CodeCache: size=245760Kb used=3829Kb max_used=3847Kb free=241930Kb
 bounds [0x0000000002430000, 0x0000000002800000, 0x0000000011430000]
 total_blobs=1514 nmethods=967 adapters=468
 compilation: enabled

Compilation events (10 events):
Event: 1.440 Thread 0x0000000014a7a800 nmethod 865 0x00000000027ec450 code [0x00000000027ec5e0, 0x00000000027ecf98]
Event: 1.440 Thread 0x0000000014a7a800  940       4       java.util.regex.Pattern$Node::match (27 bytes)
Event: 1.441 Thread 0x0000000014a7a800 nmethod 940 0x00000000027edf90 code [0x00000000027ee0e0, 0x00000000027ee218]
Event: 1.441 Thread 0x0000000014a7a800  892       4       java.util.regex.ASCII::isType (15 bytes)
Event: 1.441 Thread 0x0000000014a7a800 nmethod 892 0x00000000027edd10 code [0x00000000027ede40, 0x00000000027eded8]
Event: 1.441 Thread 0x0000000014a7a800  898       4       java.util.regex.Pattern::has (15 bytes)
Event: 1.441 Thread 0x0000000014a7a800 nmethod 898 0x00000000027edad0 code [0x00000000027edc00, 0x00000000027edc78]
Event: 1.442 Thread 0x0000000014a7a800  965  s    4       java.lang.StringBuffer::toString (36 bytes)
Event: 1.446 Thread 0x0000000014a7a800 nmethod 965 0x00000000027d9bd0 code [0x00000000027d9d20, 0x00000000027da258]
Event: 1.456 Thread 0x0000000014a75800 nmethod 916 0x00000000027f17d0 code [0x00000000027f19a0, 0x00000000027f3420]

GC Heap History (10 events):
Event: 1.197 GC heap before
{Heap before GC invocations=4 (full 0):
 PSYoungGen      total 18944K, used 18939K [0x00000000eb100000, 0x00000000ed600000, 0x0000000100000000)
  eden space 16384K, 99% used [0x00000000eb100000,0x00000000ec0ff890,0x00000000ec100000)
  from space 2560K, 99% used [0x00000000ec100000,0x00000000ec37f500,0x00000000ec380000)
  to   space 2560K, 0% used [0x00000000ed380000,0x00000000ed380000,0x00000000ed600000)
 ParOldGen       total 44032K, used 960K [0x00000000c1200000, 0x00000000c3d00000, 0x00000000eb100000)
  object space 44032K, 2% used [0x00000000c1200000,0x00000000c12f0128,0x00000000c3d00000)
 Metaspace       used 12833K, capacity 13352K, committed 13568K, reserved 1060864K
  class space    used 1823K, capacity 1984K, committed 2048K, reserved 1048576K
Event: 1.201 GC heap after
Heap after GC invocations=4 (full 0):
 PSYoungGen      total 35328K, used 2557K [0x00000000eb100000, 0x00000000ed600000, 0x0000000100000000)
  eden space 32768K, 0% used [0x00000000eb100000,0x00000000eb100000,0x00000000ed100000)
  from space 2560K, 99% used [0x00000000ed380000,0x00000000ed5ff708,0x00000000ed600000)
  to   space 2560K, 0% used [0x00000000ed100000,0x00000000ed100000,0x00000000ed380000)
 ParOldGen       total 44032K, used 984K [0x00000000c1200000, 0x00000000c3d00000, 0x00000000eb100000)
  object space 44032K, 2% used [0x00000000c1200000,0x00000000c12f6128,0x00000000c3d00000)
 Metaspace       used 12833K, capacity 13352K, committed 13568K, reserved 1060864K
  class space    used 1823K, capacity 1984K, committed 2048K, reserved 1048576K
}
Event: 1.214 GC heap before
{Heap before GC invocations=5 (full 0):
 PSYoungGen      total 35328K, used 35274K [0x00000000eb100000, 0x00000000ed600000, 0x0000000100000000)
  eden space 32768K, 99% used [0x00000000eb100000,0x00000000ed0f3110,0x00000000ed100000)
  from space 2560K, 99% used [0x00000000ed380000,0x00000000ed5ff708,0x00000000ed600000)
  to   space 2560K, 0% used [0x00000000ed100000,0x00000000ed100000,0x00000000ed380000)
 ParOldGen       total 44032K, used 984K [0x00000000c1200000, 0x00000000c3d00000, 0x00000000eb100000)
  object space 44032K, 2% used [0x00000000c1200000,0x00000000c12f6128,0x00000000c3d00000)
 Metaspace       used 12833K, capacity 13352K, committed 13568K, reserved 1060864K
  class space    used 1823K, capacity 1984K, committed 2048K, reserved 1048576K
Event: 1.217 GC heap after
Heap after GC invocations=5 (full 0):
 PSYoungGen      total 35328K, used 2551K [0x00000000eb100000, 0x00000000ef800000, 0x0000000100000000)
  eden space 32768K, 0% used [0x00000000eb100000,0x00000000eb100000,0x00000000ed100000)
  from space 2560K, 99% used [0x00000000ed100000,0x00000000ed37dc90,0x00000000ed380000)
  to   space 3584K, 0% used [0x00000000ef480000,0x00000000ef480000,0x00000000ef800000)
 ParOldGen       total 44032K, used 1008K [0x00000000c1200000, 0x00000000c3d00000, 0x00000000eb100000)
  object space 44032K, 2% used [0x00000000c1200000,0x00000000c12fc128,0x00000000c3d00000)
 Metaspace       used 12833K, capacity 13352K, committed 13568K, reserved 1060864K
  class space    used 1823K, capacity 1984K, committed 2048K, reserved 1048576K
}
Event: 1.224 GC heap before
{Heap before GC invocations=6 (full 0):
 PSYoungGen      total 35328K, used 35226K [0x00000000eb100000, 0x00000000ef800000, 0x0000000100000000)
  eden space 32768K, 99% used [0x00000000eb100000,0x00000000ed0e8eb8,0x00000000ed100000)
  from space 2560K, 99% used [0x00000000ed100000,0x00000000ed37dc90,0x00000000ed380000)
  to   space 3584K, 0% used [0x00000000ef480000,0x00000000ef480000,0x00000000ef800000)
 ParOldGen       total 44032K, used 1008K [0x00000000c1200000, 0x00000000c3d00000, 0x00000000eb100000)
  object space 44032K, 2% used [0x00000000c1200000,0x00000000c12fc128,0x00000000c3d00000)
 Metaspace       used 12833K, capacity 13352K, committed 13568K, reserved 1060864K
  class space    used 1823K, capacity 1984K, committed 2048K, reserved 1048576K
Event: 1.228 GC heap after
Heap after GC invocations=6 (full 0):
 PSYoungGen      total 69120K, used 2603K [0x00000000eb100000, 0x00000000ef800000, 0x0000000100000000)
  eden space 65536K, 0% used [0x00000000eb100000,0x00000000eb100000,0x00000000ef100000)
  from space 3584K, 72% used [0x00000000ef480000,0x00000000ef70ad90,0x00000000ef800000)
  to   space 3584K, 0% used [0x00000000ef100000,0x00000000ef100000,0x00000000ef480000)
 ParOldGen       total 44032K, used 1008K [0x00000000c1200000, 0x00000000c3d00000, 0x00000000eb100000)
  object space 44032K, 2% used [0x00000000c1200000,0x00000000c12fc128,0x00000000c3d00000)
 Metaspace       used 12833K, capacity 13352K, committed 13568K, reserved 1060864K
  class space    used 1823K, capacity 1984K, committed 2048K, reserved 1048576K
}
Event: 1.252 GC heap before
{Heap before GC invocations=7 (full 0):
 PSYoungGen      total 69120K, used 68135K [0x00000000eb100000, 0x00000000ef800000, 0x0000000100000000)
  eden space 65536K, 99% used [0x00000000eb100000,0x00000000ef0ff120,0x00000000ef100000)
  from space 3584K, 72% used [0x00000000ef480000,0x00000000ef70ad90,0x00000000ef800000)
  to   space 3584K, 0% used [0x00000000ef100000,0x00000000ef100000,0x00000000ef480000)
 ParOldGen       total 44032K, used 1008K [0x00000000c1200000, 0x00000000c3d00000, 0x00000000eb100000)
  object space 44032K, 2% used [0x00000000c1200000,0x00000000c12fc128,0x00000000c3d00000)
 Metaspace       used 12833K, capacity 13352K, committed 13568K, reserved 1060864K
  class space    used 1823K, capacity 1984K, committed 2048K, reserved 1048576K
Event: 1.255 GC heap after
Heap after GC invocations=7 (full 0):
 PSYoungGen      total 69120K, used 156K [0x00000000eb100000, 0x00000000f3900000, 0x0000000100000000)
  eden space 65536K, 0% used [0x00000000eb100000,0x00000000eb100000,0x00000000ef100000)
  from space 3584K, 4% used [0x00000000ef100000,0x00000000ef127100,0x00000000ef480000)
  to   space 4096K, 0% used [0x00000000f3500000,0x00000000f3500000,0x00000000f3900000)
 ParOldGen       total 44032K, used 3442K [0x00000000c1200000, 0x00000000c3d00000, 0x00000000eb100000)
  object space 44032K, 7% used [0x00000000c1200000,0x00000000c155c9d0,0x00000000c3d00000)
 Metaspace       used 12833K, capacity 13352K, committed 13568K, reserved 1060864K
  class space    used 1823K, capacity 1984K, committed 2048K, reserved 1048576K
}
Event: 1.269 GC heap before
{Heap before GC invocations=8 (full 0):
 PSYoungGen      total 69120K, used 65677K [0x00000000eb100000, 0x00000000f3900000, 0x0000000100000000)
  eden space 65536K, 99% used [0x00000000eb100000,0x00000000ef0fc5b0,0x00000000ef100000)
  from space 3584K, 4% used [0x00000000ef100000,0x00000000ef127100,0x00000000ef480000)
  to   space 4096K, 0% used [0x00000000f3500000,0x00000000f3500000,0x00000000f3900000)
 ParOldGen       total 44032K, used 3442K [0x00000000c1200000, 0x00000000c3d00000, 0x00000000eb100000)
  object space 44032K, 7% used [0x00000000c1200000,0x00000000c155c9d0,0x00000000c3d00000)
 Metaspace       used 12833K, capacity 13352K, committed 13568K, reserved 1060864K
  class space    used 1823K, capacity 1984K, committed 2048K, reserved 1048576K
Event: 1.270 GC heap after
Heap after GC invocations=8 (full 0):
 PSYoungGen      total 135168K, used 366K [0x00000000eb100000, 0x00000000f3900000, 0x0000000100000000)
  eden space 131072K, 0% used [0x00000000eb100000,0x00000000eb100000,0x00000000f3100000)
  from space 4096K, 8% used [0x00000000f3500000,0x00000000f355ba90,0x00000000f3900000)
  to   space 4096K, 0% used [0x00000000f3100000,0x00000000f3100000,0x00000000f3500000)
 ParOldGen       total 44032K, used 3442K [0x00000000c1200000, 0x00000000c3d00000, 0x00000000eb100000)
  object space 44032K, 7% used [0x00000000c1200000,0x00000000c155c9d0,0x00000000c3d00000)
 Metaspace       used 12833K, capacity 13352K, committed 13568K, reserved 1060864K
  class space    used 1823K, capacity 1984K, committed 2048K, reserved 1048576K
}

Deoptimization events (10 events):
Event: 1.121 Thread 0x0000000018bdc800 Uncommon trap: reason=bimorphic action=maybe_recompile pc=0x0000000002758224 method=java.io.DataInputStream.readInt()I @ 4
Event: 1.121 Thread 0x0000000018bdc800 Uncommon trap: reason=bimorphic action=maybe_recompile pc=0x0000000002758224 method=java.io.DataInputStream.readInt()I @ 4
Event: 1.121 Thread 0x0000000018bdc800 Uncommon trap: reason=bimorphic action=maybe_recompile pc=0x0000000002758224 method=java.io.DataInputStream.readInt()I @ 4
Event: 1.121 Thread 0x0000000018bdc800 Uncommon trap: reason=bimorphic action=maybe_recompile pc=0x0000000002758224 method=java.io.DataInputStream.readInt()I @ 4
Event: 1.274 Thread 0x0000000018bdc800 Uncommon trap: reason=unstable_if action=reinterpret pc=0x0000000002765f40 method=sun.text.normalizer.TrieIterator.calculateNextSupplementaryElement(Lsun/text/normalizer/RangeValueIterator$Element;)V @ 145
Event: 1.274 Thread 0x0000000018bdc800 Uncommon trap: reason=unstable_if action=reinterpret pc=0x000000000276858c method=sun.text.normalizer.TrieIterator.next(Lsun/text/normalizer/RangeValueIterator$Element;)Z @ 6
Event: 1.274 Thread 0x0000000018bdc800 Uncommon trap: reason=unstable_if action=reinterpret pc=0x0000000002769900 method=sun.text.normalizer.UCharacterProperty.upropsvec_addPropertyStarts(Lsun/text/normalizer/UnicodeSet;)V @ 32
Event: 1.338 Thread 0x0000000018bdc800 Uncommon trap: reason=unstable_if action=reinterpret pc=0x000000000275eb78 method=java.util.regex.Pattern$Ctype.isSatisfiedBy(I)Z @ 4
Event: 1.338 Thread 0x0000000018bdc800 Uncommon trap: reason=unstable_if action=reinterpret pc=0x00000000027360e0 method=java.util.regex.Pattern$Ctype.isSatisfiedBy(I)Z @ 4
Event: 1.396 Thread 0x0000000018bdc800 Uncommon trap: reason=unstable_if action=reinterpret pc=0x0000000002759b24 method=sun.text.normalizer.UnicodeSet.findCodePoint(I)I @ 32

Internal exceptions (10 events):
Event: 0.516 Thread 0x000000000082d800 Exception <a 'java/security/PrivilegedActionException'> (0x00000000eb3fc7d8) thrown at [C:\workspace\8-2-build-windows-amd64-cygwin\jdk8u60\3267.nc\hotspot\src\share\vm\prims\jvm.cpp, line 1382]
Event: 0.517 Thread 0x000000000082d800 Exception <a 'java/security/PrivilegedActionException'> (0x00000000eb4002d0) thrown at [C:\workspace\8-2-build-windows-amd64-cygwin\jdk8u60\3267.nc\hotspot\src\share\vm\prims\jvm.cpp, line 1382]
Event: 0.517 Thread 0x000000000082d800 Exception <a 'java/security/PrivilegedActionException'> (0x00000000eb400488) thrown at [C:\workspace\8-2-build-windows-amd64-cygwin\jdk8u60\3267.nc\hotspot\src\share\vm\prims\jvm.cpp, line 1382]
Event: 0.517 Thread 0x000000000082d800 Exception <a 'java/lang/NullPointerException'> (0x00000000eb400a08) thrown at [C:\workspace\8-2-build-windows-amd64-cygwin\jdk8u60\3267.nc\hotspot\src\share\vm\interpreter\linkResolver.cpp, line 1178]
Event: 0.716 Thread 0x0000000016c07800 Exception <a 'java/lang/NullPointerException'> (0x00000000ebae4620) thrown at [C:\workspace\8-2-build-windows-amd64-cygwin\jdk8u60\3267.nc\hotspot\src\share\vm\interpreter\linkResolver.cpp, line 1178]
Event: 0.716 Thread 0x0000000016c07800 Exception <a 'java/lang/NullPointerException'> (0x00000000ebae4620) thrown at [C:\workspace\8-2-build-windows-amd64-cygwin\jdk8u60\3267.nc\hotspot\src\share\vm\prims\jvm.cpp, line 1386]
Event: 0.888 Thread 0x0000000016c07800 Exception <a 'sun/nio/fs/WindowsException'> (0x00000000ec01bdc0) thrown at [C:\workspace\8-2-build-windows-amd64-cygwin\jdk8u60\3267.nc\hotspot\src\share\vm\prims\jni.cpp, line 709]
Event: 0.891 Thread 0x0000000016c07800 Exception <a 'sun/nio/fs/WindowsException'> (0x00000000ec01da70) thrown at [C:\workspace\8-2-build-windows-amd64-cygwin\jdk8u60\3267.nc\hotspot\src\share\vm\prims\jni.cpp, line 709]
Event: 0.897 Thread 0x0000000016c07800 Implicit null exception at 0x00000000026c45d9 to 0x00000000026c4a39
Event: 0.970 Thread 0x0000000016c07800 Implicit null exception at 0x00000000026a9534 to 0x00000000026a977d

Events (10 events):
Event: 6.438 Thread 0x00000000172b4800 Thread exited: 0x00000000172b4800
Event: 11.439 Thread 0x0000000018bdc800 Thread exited: 0x0000000018bdc800
Event: 144.393 Executing VM operation: RedefineClasses
Event: 144.403 Executing VM operation: RedefineClasses done
Event: 158.042 Executing VM operation: RedefineClasses
Event: 158.051 Executing VM operation: RedefineClasses done
Event: 205.208 Executing VM operation: RedefineClasses
Event: 205.215 Executing VM operation: RedefineClasses done
Event: 609.079 Executing VM operation: RedefineClasses
Event: 609.086 Executing VM operation: RedefineClasses done


Dynamic libraries:
0x00007ff6c0250000 - 0x00007ff6c0287000 	C:\Program Files\Java\jre1.8.0_60\bin\javaw.exe
0x00007ffefe610000 - 0x00007ffefe7bc000 	C:\windows\SYSTEM32\ntdll.dll
0x00007ffefe1f0000 - 0x00007ffefe32e000 	C:\windows\system32\KERNEL32.DLL
0x00007ffefb930000 - 0x00007ffefba45000 	C:\windows\system32\KERNELBASE.dll
0x00007ffefa0e0000 - 0x00007ffefa16e000 	C:\windows\system32\apphelp.dll
0x00007ffeee890000 - 0x00007ffeee8e3000 	C:\windows\AppPatch\AppPatch64\AcGenral.DLL
0x00007ffefc1f0000 - 0x00007ffefc29a000 	C:\windows\system32\msvcrt.dll
0x00007ffefb600000 - 0x00007ffefb62e000 	C:\windows\SYSTEM32\SspiCli.dll
0x00007ffefc010000 - 0x00007ffefc064000 	C:\windows\system32\SHLWAPI.dll
0x00007ffefe070000 - 0x00007ffefe1e7000 	C:\windows\system32\USER32.dll
0x00007ffefc2e0000 - 0x00007ffefc474000 	C:\windows\system32\ole32.dll
0x00007ffefc820000 - 0x00007ffefdd38000 	C:\windows\system32\SHELL32.dll
0x00007ffefacf0000 - 0x00007ffefad11000 	C:\windows\SYSTEM32\USERENV.dll
0x00007ffefc480000 - 0x00007ffefc52a000 	C:\windows\system32\ADVAPI32.dll
0x00007ffef2d80000 - 0x00007ffef2d9e000 	C:\windows\SYSTEM32\MPR.dll
0x00007ffefc530000 - 0x00007ffefc671000 	C:\windows\system32\RPCRT4.dll
0x00007ffefc7c0000 - 0x00007ffefc819000 	C:\windows\SYSTEM32\sechost.dll
0x00007ffefbc90000 - 0x00007ffefbea1000 	C:\windows\SYSTEM32\combase.dll
0x00007ffefbeb0000 - 0x00007ffefc001000 	C:\windows\system32\GDI32.dll
0x00007ffefb760000 - 0x00007ffefb775000 	C:\windows\SYSTEM32\profapi.dll
0x00007ffef9790000 - 0x00007ffef9842000 	C:\windows\SYSTEM32\SHCORE.dll
0x00007ffefc2a0000 - 0x00007ffefc2d6000 	C:\windows\system32\IMM32.DLL
0x00007ffefdef0000 - 0x00007ffefe041000 	C:\windows\system32\MSCTF.dll
0x00007ffef8f10000 - 0x00007ffef918b000 	C:\windows\WinSxS\amd64_microsoft.windows.common-controls_6595b64144ccf1df_6.0.9600.17415_none_6240486fecbd8abb\COMCTL32.dll
0x00000000551e0000 - 0x00000000552b2000 	C:\Program Files\Java\jre1.8.0_60\bin\msvcr100.dll
0x0000000055660000 - 0x0000000055ee6000 	C:\Program Files\Java\jre1.8.0_60\bin\server\jvm.dll
0x00007ffef2d00000 - 0x00007ffef2d09000 	C:\windows\SYSTEM32\WSOCK32.dll
0x00007ffef2dd0000 - 0x00007ffef2df2000 	C:\windows\SYSTEM32\WINMM.dll
0x00007ffef33a0000 - 0x00007ffef33aa000 	C:\windows\SYSTEM32\VERSION.dll
0x00007ffefc6e0000 - 0x00007ffefc6e7000 	C:\windows\system32\PSAPI.DLL
0x00007ffefe580000 - 0x00007ffefe5da000 	C:\windows\system32\WS2_32.dll
0x00007ffef2da0000 - 0x00007ffef2dca000 	C:\windows\SYSTEM32\WINMMBASE.dll
0x00007ffefe5e0000 - 0x00007ffefe5e9000 	C:\windows\system32\NSI.dll
0x00007ffefb8e0000 - 0x00007ffefb92f000 	C:\windows\SYSTEM32\cfgmgr32.dll
0x00007ffefa580000 - 0x00007ffefa5a8000 	C:\windows\SYSTEM32\DEVOBJ.dll
0x0000000055650000 - 0x000000005565f000 	C:\Program Files\Java\jre1.8.0_60\bin\verify.dll
0x0000000055620000 - 0x0000000055649000 	C:\Program Files\Java\jre1.8.0_60\bin\java.dll
0x00000000551a0000 - 0x00000000551d5000 	C:\Program Files\Java\jre1.8.0_60\bin\jdwp.dll
0x0000000055190000 - 0x0000000055198000 	C:\Program Files\Java\jre1.8.0_60\bin\npt.dll
0x0000000055600000 - 0x0000000055616000 	C:\Program Files\Java\jre1.8.0_60\bin\zip.dll
0x0000000055180000 - 0x0000000055189000 	C:\Program Files\Java\jre1.8.0_60\bin\dt_socket.dll
0x00007ffeed950000 - 0x00007ffeed965000 	C:\windows\system32\napinsp.dll
0x00007ffeedc20000 - 0x00007ffeedc3a000 	C:\windows\system32\pnrpnsp.dll
0x00007ffef95a0000 - 0x00007ffef95bb000 	C:\windows\system32\NLAapi.dll
0x00007ffefb0a0000 - 0x00007ffefb0f9000 	C:\windows\System32\mswsock.dll
0x00007ffefad70000 - 0x00007ffefae14000 	C:\windows\SYSTEM32\DNSAPI.dll
0x00007ffeedc50000 - 0x00007ffeedc5d000 	C:\windows\System32\winrnr.dll
0x00007ffeed040000 - 0x00007ffeed054000 	C:\windows\system32\wshbth.dll
0x0000000055f90000 - 0x0000000055fb6000 	C:\Program Files\Bonjour\mdnsNSP.dll
0x00007ffef69e0000 - 0x00007ffef6a0a000 	C:\windows\SYSTEM32\Iphlpapi.DLL
0x00007ffef6370000 - 0x00007ffef637a000 	C:\windows\SYSTEM32\WINNSI.DLL
0x00007ffef6020000 - 0x00007ffef608b000 	C:\windows\System32\fwpuclnt.dll
0x00007ffeeecc0000 - 0x00007ffeeecca000 	C:\Windows\System32\rasadhlp.dll
0x0000000055150000 - 0x000000005517c000 	C:\Program Files\Java\jre1.8.0_60\bin\prism_d3d.dll
0x00007ffee8e10000 - 0x00007ffee9031000 	C:\windows\system32\d3d9.dll
0x00007ffef9510000 - 0x00007ffef9531000 	C:\windows\SYSTEM32\dwmapi.dll
0x00007ffefa3d0000 - 0x00007ffefa4f9000 	C:\windows\system32\uxtheme.dll
0x0000000055100000 - 0x0000000055141000 	C:\Program Files\Java\jre1.8.0_60\bin\glass.dll
0x00007ffefc130000 - 0x00007ffefc1e6000 	C:\windows\system32\COMDLG32.dll
0x00007ffefc6f0000 - 0x00007ffefc7b1000 	C:\windows\system32\OLEAUT32.dll
0x00007ffef63b0000 - 0x00007ffef6523000 	C:\Program Files (x86)\Stardock\Start8\Start8_64.dll
0x00007ffef4ad0000 - 0x00007ffef4b7b000 	C:\Program Files\Common Files\microsoft shared\ink\tiptsf.dll
0x00007ffefa550000 - 0x00007ffefa55b000 	C:\windows\SYSTEM32\kernel.appcore.dll
0x00007ffefb6a0000 - 0x00007ffefb6ab000 	C:\windows\SYSTEM32\CRYPTBASE.dll
0x00007ffefb630000 - 0x00007ffefb693000 	C:\windows\SYSTEM32\bcryptPrimitives.dll
0x0000000053d20000 - 0x00000000550f8000 	C:\Program Files\Java\jre1.8.0_60\bin\jfxwebkit.dll
0x00007ffefb1d0000 - 0x00007ffefb1f0000 	C:\windows\SYSTEM32\CRYPTSP.dll
0x00007ffefac00000 - 0x00007ffefac36000 	C:\windows\system32\rsaenh.dll
0x00007ffefb2f0000 - 0x00007ffefb316000 	C:\windows\SYSTEM32\bcrypt.dll
0x00000000555e0000 - 0x00000000555fa000 	C:\Program Files\Java\jre1.8.0_60\bin\net.dll
0x00000000555c0000 - 0x00000000555d1000 	C:\Program Files\Java\jre1.8.0_60\bin\nio.dll
0x0000000053d00000 - 0x0000000053d15000 	C:\Program Files\Java\jre1.8.0_60\bin\javafx_font.dll
0x00007ffef79d0000 - 0x00007ffef7bbe000 	C:\windows\SYSTEM32\dwrite.dll
0x00007ffee7270000 - 0x00007ffee73fa000 	C:\windows\SYSTEM32\dbghelp.dll

VM Arguments:
jvm_args: -agentlib:jdwp=transport=dt_socket,suspend=y,address=localhost:1859 -Dfile.encoding=UTF-8 
java_command: application.Main
java_class_path (initial): C:\Users\Kirby\qAspire\qAspire\bin;C:\Users\Kirby\Desktop\eclipse\plugins\org.eclipse.fx.ide.css.jfx8_1.2.0.201501310807.jar
Launcher Type: SUN_STANDARD

Environment Variables:
PATH=C:/Program Files/Java/jre1.8.0_60/bin/server;C:/Program Files/Java/jre1.8.0_60/bin;C:/Program Files/Java/jre1.8.0_60/lib/amd64;C:\ProgramData\Oracle\Java\javapath;C:\windows\system32;C:\windows;C:\windows\System32\Wbem;C:\windows\System32\WindowsPowerShell\v1.0\;C:\Program Files (x86)\Windows Kits\8.1\Windows Performance Toolkit\;C:\Program Files\Microsoft SQL Server\110\Tools\Binn\;C:\Program Files\Microsoft\Web Platform Installer\;C:\Users\Kirby\Desktop\eclipse;
USERNAME=Kirby
OS=Windows_NT
PROCESSOR_IDENTIFIER=Intel64 Family 6 Model 69 Stepping 1, GenuineIntel



---------------  S Y S T E M  ---------------

OS: Windows 8.1 , 64 bit Build 9600 (6.3.9600.17415)

CPU:total 4 (2 cores per cpu, 2 threads per core) family 6 model 69 stepping 1, cmov, cx8, fxsr, mmx, sse, sse2, sse3, ssse3, sse4.1, sse4.2, popcnt, avx, avx2, aes, clmul, erms, lzcnt, ht, tsc, tscinvbit, bmi1, bmi2

Memory: 4k page, physical 4112428k(1320112k free), swap 5554220k(1518028k free)

vm_info: Java HotSpot(TM) 64-Bit Server VM (25.60-b08) for windows-amd64 JRE (1.8.0_60-ea-b08), built on Mar 24 2015 18:04:01 by "java_re" with MS VC++ 10.0 (VS2010)

time: Fri Apr 10 17:49:52 2015
elapsed time: 609 seconds (0d 0h 10m 9s)

